Build started 8/27/2017 2:27:06 PM.
     1>Project "C:\Users\HP\Documents\Visual Studio 2015\Projects\UnseriousElementsEngine\UEE\UEE\UEE.vcxproj" on node 2 (Build target(s)).
     1>ClCompile:
         C:\Program Files (x86)\Microsoft Visual Studio 14.0\VC\bin\CL.exe /c /Zi /nologo /W3 /WX- /sdl /O2 /Oi /Oy- /GL /D WIN32 /D NDEBUG /D _CONSOLE /D _UNICODE /D UNICODE /Gm- /EHsc /MD /GS /Gy /fp:precise /Zc:wchar_t /Zc:forScope /Zc:inline /Fo"Release\\" /Fd"Release\vc140.pdb" /Gd /TP /analyze- /errorReport:prompt main.cpp
         main.cpp
       Link:
         C:\Program Files (x86)\Microsoft Visual Studio 14.0\VC\bin\link.exe /ERRORREPORT:PROMPT /OUT:"C:\Users\HP\Documents\Visual Studio 2015\Projects\UnseriousElementsEngine\UEE\Release\UEE.exe" /INCREMENTAL:NO /NOLOGO /LIBPATH:..\Dependencies\freeglut /LIBPATH:..\Dependencies\glew /LIBPATH:..\Dependencies\freeImage kernel32.lib user32.lib gdi32.lib winspool.lib comdlg32.lib advapi32.lib shell32.lib ole32.lib oleaut32.lib uuid.lib odbc32.lib odbccp32.lib opengl32.lib freeglut.lib glew32.lib freeImage.lib kernel32.lib user32.lib gdi32.lib winspool.lib comdlg32.lib advapi32.lib shell32.lib ole32.lib oleaut32.lib uuid.lib odbc32.lib odbccp32.lib /MANIFEST /MANIFESTUAC:"level='asInvoker' uiAccess='false'" /manifest:embed /Debug /PDB:"C:\Users\HP\Documents\Visual Studio 2015\Projects\UnseriousElementsEngine\UEE\Release\UEE.pdb" /SUBSYSTEM:CONSOLE /OPT:REF /OPT:ICF /LTCG:incremental /TLBID:1 /DYNAMICBASE /NXCOMPAT /IMPLIB:"C:\Users\HP\Documents\Visual Studio 2015\Projects\UnseriousElementsEngine\UEE\Release\UEE.lib" /MACHINE:X86 /SAFESEH Release\application.obj
         Release\glApplication.obj
         Release\3dviewer.obj
         Release\meshxml.obj
         Release\memory.obj
         Release\model2D.obj
         Release\model3D.obj
         Release\camera.obj
         Release\meshInfo.obj
         Release\render.obj
         Release\surfaceInfo.obj
         Release\texture2D.obj
         Release\main.obj
         Release\mathf.obj
         Release\matrix4x4.obj
         Release\quaternion.obj
         Release\vector2.obj
         Release\vector3.obj
         Release\vector4.obj
         Release\transform.obj
         Release\glsl.obj
         Release\shader.obj
         Release\simpleBumpMapped.frag.obj
         Release\simpleBumpMapped.vert.obj
         Release\simpleFragmentLighting.frag.obj
         Release\simpleFragmentLighting.vert.obj
         Release\simpleFragmentTextured.frag.obj
         Release\simpleFragmentTextured.vert.obj
         Release\simpleFragmentTexturedBlended.frag.obj
         Release\simpleVertexLighting.frag.obj
         Release\simpleVertexLighting.vert.obj
         Release\fileUtils.obj
         Release\resourceUtils.obj
         Release\stringUtils.obj
         Generating code
         2 of 590 functions ( 0.3%) were compiled, the rest were copied from previous compilation.
           0 functions were new in current compilation
           0 functions had inline decision re-evaluated but remain unchanged
         Finished generating code
         UEE.vcxproj -> C:\Users\HP\Documents\Visual Studio 2015\Projects\UnseriousElementsEngine\UEE\Release\UEE.exe
     1>Done Building Project "C:\Users\HP\Documents\Visual Studio 2015\Projects\UnseriousElementsEngine\UEE\UEE\UEE.vcxproj" (Build target(s)).

Build succeeded.

Time Elapsed 00:00:02.19
